#
# A fatal error has been detected by the Java Runtime Environment:
#
#  SIGSEGV (0xb) at pc=0x000000010cb1842c, pid=15455, tid=57875
#
# JRE version: Java(TM) SE Runtime Environment (8.0_74-b02) (build 1.8.0_74-b02)
# Java VM: Java HotSpot(TM) 64-Bit Server VM (25.74-b02 mixed mode bsd-amd64 compressed oops)
# Problematic frame:
# J 246 C1 java.util.HashMap.get(Ljava/lang/Object;)Ljava/lang/Object; (23 bytes) @ 0x000000010cb1842c [0x000000010cb18260+0x1cc]
#
# Failed to write core dump. Core dumps have been disabled. To enable core dumping, try "ulimit -c unlimited" before starting Java again
#
# If you would like to submit a bug report, please visit:
#   http://bugreport.java.com/bugreport/crash.jsp
#

---------------  T H R E A D  ---------------

Current thread (0x00007fc06512f000):  JavaThread "Image Animator 3" daemon [_thread_in_Java, id=57875, stack(0x0000700001bf7000,0x0000700001cf7000)]

siginfo: si_signo: 11 (SIGSEGV), si_code: 1 (SEGV_MAPERR), si_addr: 0x00000001a4efcad3

Registers:
RAX=0x000000004769b07b, RBX=0x00000001252f6640, RCX=0x00007fc064938000, RDX=0x000000004769f712
RSP=0x0000700001cf5f40, RBP=0x0000700001cf6750, RSI=0x0000000000000007, RDI=0x000000004769f712
R8 =0x0000000000000e76, R9 =0x00000000000001f9, R10=0x0000000000000000, R11=0x0000000125adf160
R12=0x0000000000000000, R13=0x00000007c004b818, R14=0x0000000125aa0218, R15=0x00007fc06512f000
RIP=0x000000010cb1842c, EFLAGS=0x0000000000010246, ERR=0x0000000000000006
  TRAPNO=0x000000000000000e

Top of Stack: (sp=0x0000700001cf5f40)
0x0000700001cf5f40:   00007fc064938000 00007fc064938308
0x0000700001cf5f50:   00007fc06493ffe8 00000000000080b0
0x0000700001cf5f60:   0000700001cf5f30 00007fc06512f000
0x0000700001cf5f70:   00007fc063c4ed10 00007fc06515be9a
0x0000700001cf5f80:   000000076eb18840 00000006c0000e10
0x0000700001cf5f90:   0000000000000000 0000000000000000
0x0000700001cf5fa0:   0000700001cf6750 000000010cb528b4
0x0000700001cf5fb0:   000000076eb091c8 0000000125963f90
0x0000700001cf5fc0:   00007fc06512f000 000000010cc81e8a
0x0000700001cf5fd0:   0000000000000009 000000076eb091c8
0x0000700001cf5fe0:   0000000000007fe8 0000000125963f90
0x0000700001cf5ff0:   00007fc06512f000 0000000000007fd8
0x0000700001cf6000:   000000076eb18808 00000006c0000e10
0x0000700001cf6010:   000000076eb18840 0000000000000009
0x0000700001cf6020:   000000076eb18840 0000000125963f90
0x0000700001cf6030:   0000700001cf6750 000000010cba444c
0x0000700001cf6040:   000000010cb1f720 0000700001cf6150
0x0000700001cf6050:   0000000125963f90 00007fc06512f000
0x0000700001cf6060:   000000076eb18808 000000010be75c51
0x0000700001cf6070:   000000076eb089b0 00007fc06512f000
0x0000700001cf6080:   0000700001cf6750 000000010cb7f25c
0x0000700001cf6090:   0000700001cf6750 000000010cb68704
0x0000700001cf60a0:   0000000000000000 0000700001cf6380
0x0000700001cf60b0:   0000700001cf60d0 00007fc06512f000
0x0000700001cf60c0:   0000700001cf60f0 000000010bb4013a
0x0000700001cf60d0:   0000700001cf6750 000000010cb68704
0x0000700001cf60e0:   000000019bb090a0 0000700001cf67c8
0x0000700001cf60f0:   0000700001cf62d0 000000076eb089b0
0x0000700001cf6100:   0000000000000000 0000017a000001f9
0x0000700001cf6110:   0000700001cf6750 000000010cb68704
0x0000700001cf6120:   000000076eb18800 00007fc06515be9a
0x0000700001cf6130:   0000700001cf6750 000000010cb953f4 

Instructions: (pc=0x000000010cb1842c)
0x000000010cb1840c:   ff ff ff e8 5c be f8 ff 48 8b d0 c1 ea 10 48 33
0x000000010cb1841c:   d0 48 8b fa 48 8b 4c 24 00 80 93 64 c0 7f 00 00
0x000000010cb1842c:   08 83 93 64 c0 7f 00 00 e8 ff 93 64 c0 7f 00 00
0x000000010cb1843c:   e2 03 48 3b 93 20 01 00 00 75 0d 48 83 83 28 01 

Register to memory mapping:

RAX=0x000000004769b07b is an unknown value
RBX={method} {0x00000001252f6640} 'hashCode' '()I' in 'java/lang/Object'
RCX=0x00007fc064938000 is an unknown value
RDX=0x000000004769f712 is an unknown value
RSP=0x0000700001cf5f40 is pointing into the stack for thread: 0x00007fc06512f000
RBP=0x0000700001cf6750 is pointing into the stack for thread: 0x00007fc06512f000
RSI=0x0000000000000007 is an unknown value
RDI=0x000000004769f712 is an unknown value
R8 =0x0000000000000e76 is an unknown value
R9 =0x00000000000001f9 is an unknown value
R10=0x0000000000000000 is an unknown value
R11=0x0000000125adf160 is pointing into metadata
R12=0x0000000000000000 is an unknown value
R13=0x00000007c004b818 is pointing into metadata
R14=0x0000000125aa0218 is pointing into metadata
R15=0x00007fc06512f000 is a thread


Stack: [0x0000700001bf7000,0x0000700001cf7000],  sp=0x0000700001cf5f40,  free space=1019k
Native frames: (J=compiled Java code, j=interpreted, Vv=VM code, C=native code)
J 246 C1 java.util.HashMap.get(Ljava/lang/Object;)Ljava/lang/Object; (23 bytes) @ 0x000000010cb1842c [0x000000010cb18260+0x1cc]
J 343 C1 sun.awt.AppContext.get(Ljava/lang/Object;)Ljava/lang/Object; (123 bytes) @ 0x000000010cb528b4 [0x000000010cb52640+0x274]
J 471 C1 javax.swing.RepaintManager.currentManager(Lsun/awt/AppContext;)Ljavax/swing/RepaintManager; (37 bytes) @ 0x000000010cba444c [0x000000010cba4360+0xec]
J 402 C1 javax.swing.JComponent.repaint(JIIII)V (19 bytes) @ 0x000000010cb7f25c [0x000000010cb7ede0+0x47c]
J 439 C1 java.awt.Component.imageUpdate(Ljava/awt/Image;IIIII)Z (78 bytes) @ 0x000000010cb953f4 [0x000000010cb95160+0x294]
J 437 C1 javax.swing.JLabel.imageUpdate(Ljava/awt/Image;IIIII)Z (45 bytes) @ 0x000000010cb9672c [0x000000010cb95e60+0x8cc]
J 357 C1 sun.awt.image.ImageWatched$WeakLink.newInfo(Ljava/awt/Image;IIIII)Z (73 bytes) @ 0x000000010cb64404 [0x000000010cb64000+0x404]
J 724 C1 sun.awt.image.ImageRepresentation.imageComplete(I)V (194 bytes) @ 0x000000010cc31d7c [0x000000010cc30d80+0xffc]
J 723 C1 sun.awt.image.ImageDecoder.imageComplete(IZ)I (59 bytes) @ 0x000000010cc2950c [0x000000010cc28e00+0x70c]
J 792 C1 sun.awt.image.GifFrame.dispose()Z (454 bytes) @ 0x000000010cc76b1c [0x000000010cc76a00+0x11c]
J 721 C1 sun.awt.image.GifImageDecoder.readImage(ZII)Z (690 bytes) @ 0x000000010cc2a994 [0x000000010cc2a8a0+0xf4]
j  sun.awt.image.GifImageDecoder.produceImage()V+484
j  sun.awt.image.InputStreamImageSource.doFetch()V+51
j  sun.awt.image.ImageFetcher.fetchloop()V+33
j  sun.awt.image.ImageFetcher.run()V+5
v  ~StubRoutines::call_stub
V  [libjvm.dylib+0x2ea39e]
V  [libjvm.dylib+0x2eab2c]
V  [libjvm.dylib+0x2eacd8]
V  [libjvm.dylib+0x345255]
V  [libjvm.dylib+0x560e03]
V  [libjvm.dylib+0x5624fe]
V  [libjvm.dylib+0x482eda]
C  [libsystem_pthread.dylib+0x399d]  _pthread_body+0x83
C  [libsystem_pthread.dylib+0x391a]  _pthread_body+0x0
C  [libsystem_pthread.dylib+0x1351]  thread_start+0xd
C  0x0000000000000000


---------------  P R O C E S S  ---------------

Java Threads: ( => current thread )
  0x00007fc0651dc800 JavaThread "AWT-EventQueue-0" [_thread_blocked, id=58639, stack(0x0000700001d7d000,0x0000700001e7d000)]
=>0x00007fc06512f000 JavaThread "Image Animator 3" daemon [_thread_in_Java, id=57875, stack(0x0000700001bf7000,0x0000700001cf7000)]
  0x00007fc0658d7000 JavaThread "Java2D Disposer" daemon [_thread_blocked, id=52755, stack(0x0000700001af4000,0x0000700001bf4000)]
  0x00007fc064a0e800 JavaThread "Java2D Queue Flusher" daemon [_thread_blocked, id=53003, stack(0x00007000019f1000,0x0000700001af1000)]
  0x00007fc0658b3000 JavaThread "AWT-Shutdown" [_thread_blocked, id=31763, stack(0x000070000165f000,0x000070000175f000)]
  0x00007fc064144000 JavaThread "AppKit Thread" daemon [_thread_in_native, id=2571, stack(0x00007fff54d0c000,0x00007fff5550c000)]
  0x00007fc06504f000 JavaThread "Service Thread" daemon [_thread_blocked, id=20995, stack(0x00007000012d0000,0x00007000013d0000)]
  0x00007fc064033000 JavaThread "C1 CompilerThread3" daemon [_thread_blocked, id=20483, stack(0x00007000011cd000,0x00007000012cd000)]
  0x00007fc064801000 JavaThread "C2 CompilerThread2" daemon [_thread_blocked, id=19971, stack(0x00007000010ca000,0x00007000011ca000)]
  0x00007fc06402a000 JavaThread "C2 CompilerThread1" daemon [_thread_blocked, id=19459, stack(0x0000700000fc7000,0x00007000010c7000)]
  0x00007fc06500b800 JavaThread "C2 CompilerThread0" daemon [_thread_blocked, id=18947, stack(0x0000700000ec4000,0x0000700000fc4000)]
  0x00007fc06500b000 JavaThread "Signal Dispatcher" daemon [_thread_blocked, id=15887, stack(0x0000700000dc1000,0x0000700000ec1000)]
  0x00007fc06582e800 JavaThread "Finalizer" daemon [_thread_blocked, id=14339, stack(0x0000700000c3b000,0x0000700000d3b000)]
  0x00007fc066802000 JavaThread "Reference Handler" daemon [_thread_blocked, id=13827, stack(0x0000700000b38000,0x0000700000c38000)]
  0x00007fc064010800 JavaThread "main" [_thread_in_Java, id=5891, stack(0x000070000011a000,0x000070000021a000)]

Other Threads:
  0x00007fc065006000 VMThread [stack: 0x0000700000a35000,0x0000700000b35000] [id=13315]
  0x00007fc06500a000 WatcherThread [stack: 0x00007000013d3000,0x00007000014d3000] [id=21507]

VM state:not at safepoint (normal execution)

VM Mutex/Monitor currently owned by a thread: None

Heap:
 PSYoungGen      total 76288K, used 11041K [0x000000076ab00000, 0x0000000770000000, 0x00000007c0000000)
  eden space 65536K, 8% used [0x000000076ab00000,0x000000076b08c918,0x000000076eb00000)
  from space 10752K, 49% used [0x000000076eb00000,0x000000076f03bd10,0x000000076f580000)
  to   space 10752K, 0% used [0x000000076f580000,0x000000076f580000,0x0000000770000000)
 ParOldGen       total 175104K, used 16K [0x00000006c0000000, 0x00000006cab00000, 0x000000076ab00000)
  object space 175104K, 0% used [0x00000006c0000000,0x00000006c0004130,0x00000006cab00000)
 Metaspace       used 9468K, capacity 9610K, committed 9856K, reserved 1058816K
  class space    used 1103K, capacity 1151K, committed 1152K, reserved 1048576K

Card table byte_map: [0x000000011bd4f000,0x000000011c550000] byte_map_base: 0x000000011874f000

Marking Bits: (ParMarkBitMap*) 0x000000010c2e3ea0
 Begin Bits: [0x000000011caa6000, 0x0000000120aa6000)
 End Bits:   [0x0000000120aa6000, 0x0000000124aa6000)

Polling page: 0x000000010a9b7000

CodeCache: size=245760Kb used=3154Kb max_used=3154Kb free=242605Kb
 bounds [0x000000010c98f000, 0x000000010ccaf000, 0x000000011b98f000]
 total_blobs=1317 nmethods=839 adapters=392
 compilation: enabled

Compilation events (10 events):
Event: 2.003 Thread 0x00007fc064033000  835   !   3       java.lang.ref.Reference::tryHandlePending (115 bytes)
Event: 2.004 Thread 0x00007fc064033000 nmethod 835 0x000000010cc99750 code [0x000000010cc99980, 0x000000010cc9a648]
Event: 2.004 Thread 0x00007fc064033000  836       1       java.util.concurrent.locks.AbstractQueuedSynchronizer::compareAndSetState (13 bytes)
Event: 2.004 Thread 0x00007fc064033000 nmethod 836 0x000000010cc99490 code [0x000000010cc995e0, 0x000000010cc99710]
Event: 2.004 Thread 0x00007fc064033000  837       3       sun.misc.VM::addFinalRefCount (24 bytes)
Event: 2.004 Thread 0x00007fc064033000 nmethod 837 0x000000010cc99110 code [0x000000010cc99280, 0x000000010cc99430]
Event: 2.016 Thread 0x00007fc064033000  838  s    3       sun.java2d.opengl.OGLGeneralTransformedBlit::Transform (101 bytes)
Event: 2.017 Thread 0x00007fc064033000 nmethod 838 0x000000010cc97fd0 code [0x000000010cc981a0, 0x000000010cc98be8]
Event: 2.017 Thread 0x00007fc064033000  839       3       sun.java2d.opengl.OGLSwToSurfaceTransform::Transform (50 bytes)
Event: 2.017 Thread 0x00007fc064033000 nmethod 839 0x000000010cca4950 code [0x000000010cca4ac0, 0x000000010cca4d08]

GC Heap History (2 events):
Event: 1.999 GC heap before
{Heap before GC invocations=1 (full 0):
 PSYoungGen      total 76288K, used 65536K [0x000000076ab00000, 0x0000000770000000, 0x00000007c0000000)
  eden space 65536K, 100% used [0x000000076ab00000,0x000000076eb00000,0x000000076eb00000)
  from space 10752K, 0% used [0x000000076f580000,0x000000076f580000,0x0000000770000000)
  to   space 10752K, 0% used [0x000000076eb00000,0x000000076eb00000,0x000000076f580000)
 ParOldGen       total 175104K, used 0K [0x00000006c0000000, 0x00000006cab00000, 0x000000076ab00000)
  object space 175104K, 0% used [0x00000006c0000000,0x00000006c0000130,0x00000006cab00000)
 Metaspace       used 9464K, capacity 9610K, committed 9856K, reserved 1058816K
  class space    used 1103K, capacity 1151K, committed 1152K, reserved 1048576K
Event: 2.003 GC heap after
Heap after GC invocations=1 (full 0):
 PSYoungGen      total 76288K, used 5359K [0x000000076ab00000, 0x0000000770000000, 0x00000007c0000000)
  eden space 65536K, 0% used [0x000000076ab00000,0x000000076ab00000,0x000000076eb00000)
  from space 10752K, 49% used [0x000000076eb00000,0x000000076f03bd10,0x000000076f580000)
  to   space 10752K, 0% used [0x000000076f580000,0x000000076f580000,0x0000000770000000)
 ParOldGen       total 175104K, used 16K [0x00000006c0000000, 0x00000006cab00000, 0x000000076ab00000)
  object space 175104K, 0% used [0x00000006c0000000,0x00000006c0004130,0x00000006cab00000)
 Metaspace       used 9464K, capacity 9610K, committed 9856K, reserved 1058816K
  class space    used 1103K, capacity 1151K, committed 1152K, reserved 1048576K
}

Deoptimization events (0 events):
No events

Internal exceptions (10 events):
Event: 0.071 Thread 0x00007fc064010800 Exception <a 'java/security/PrivilegedActionException'> (0x000000076abc2cd0) thrown at [/Users/java_re/workspace/8-2-build-macosx-x86_64/jdk8u74/6087/hotspot/src/share/vm/prims/jvm.cpp, line 1386]
Event: 0.084 Thread 0x00007fc064010800 Exception <a 'java/security/PrivilegedActionException'> (0x000000076abf4b98) thrown at [/Users/java_re/workspace/8-2-build-macosx-x86_64/jdk8u74/6087/hotspot/src/share/vm/prims/jvm.cpp, line 1386]
Event: 0.084 Thread 0x00007fc064010800 Exception <a 'java/security/PrivilegedActionException'> (0x000000076abf4da8) thrown at [/Users/java_re/workspace/8-2-build-macosx-x86_64/jdk8u74/6087/hotspot/src/share/vm/prims/jvm.cpp, line 1386]
Event: 0.084 Thread 0x00007fc064010800 Exception <a 'java/security/PrivilegedActionException'> (0x000000076abf8048) thrown at [/Users/java_re/workspace/8-2-build-macosx-x86_64/jdk8u74/6087/hotspot/src/share/vm/prims/jvm.cpp, line 1386]
Event: 0.084 Thread 0x00007fc064010800 Exception <a 'java/security/PrivilegedActionException'> (0x000000076abf8258) thrown at [/Users/java_re/workspace/8-2-build-macosx-x86_64/jdk8u74/6087/hotspot/src/share/vm/prims/jvm.cpp, line 1386]
Event: 0.113 Thread 0x00007fc064010800 Exception <a 'java/lang/NoSuchFieldError': method resolution failed> (0x000000076ae0e388) thrown at [/Users/java_re/workspace/8-2-build-macosx-x86_64/jdk8u74/6087/hotspot/src/share/vm/prims/methodHandles.cpp, line 1146]
Event: 0.115 Thread 0x00007fc064010800 Exception <a 'java/lang/NoSuchFieldError': method resolution failed> (0x000000076ae1bb58) thrown at [/Users/java_re/workspace/8-2-build-macosx-x86_64/jdk8u74/6087/hotspot/src/share/vm/prims/methodHandles.cpp, line 1146]
Event: 0.217 Thread 0x00007fc064010800 Exception <a 'java/io/FileNotFoundException'> (0x000000076ae96f20) thrown at [/Users/java_re/workspace/8-2-build-macosx-x86_64/jdk8u74/6087/hotspot/src/share/vm/prims/jni.cpp, line 709]
Event: 0.217 Thread 0x00007fc064010800 Exception <a 'java/io/FileNotFoundException'> (0x000000076ae97aa0) thrown at [/Users/java_re/workspace/8-2-build-macosx-x86_64/jdk8u74/6087/hotspot/src/share/vm/prims/jni.cpp, line 709]
Event: 2.003 Thread 0x00007fc06582e800 Exception <a 'java/lang/NullPointerException'> (0x000000076ae1c580) thrown at [/Users/java_re/workspace/8-2-build-macosx-x86_64/jdk8u74/6087/hotspot/src/share/vm/interpreter/linkResolver.cpp, line 1178]

Events (10 events):
Event: 1.470 Thread 0x00007fc06512f000 DEOPT PACKING pc=0x000000010cb24695 sp=0x0000700001cf5df0
Event: 1.470 Thread 0x00007fc06512f000 DEOPT UNPACKING pc=0x000000010c9d6633 sp=0x0000700001cf5b68 mode 0
Event: 1.470 Thread 0x00007fc06512f000 DEOPT PACKING pc=0x000000010cb24695 sp=0x0000700001cf5df0
Event: 1.470 Thread 0x00007fc06512f000 DEOPT UNPACKING pc=0x000000010c9d6633 sp=0x0000700001cf5b68 mode 0
Event: 1.470 Thread 0x00007fc06512f000 DEOPT PACKING pc=0x000000010cb24695 sp=0x0000700001cf5df0
Event: 1.470 Thread 0x00007fc06512f000 DEOPT UNPACKING pc=0x000000010c9d6633 sp=0x0000700001cf5b68 mode 0
Event: 1.999 Executing VM operation: ParallelGCFailedAllocation
Event: 1.999 Executing VM operation: ParallelGCFailedAllocation done
Event: 1.999 Executing VM operation: ParallelGCSystemGC
Event: 2.003 Executing VM operation: ParallelGCSystemGC done


Dynamic libraries:
0x0000000001384000 	/System/Library/Frameworks/Cocoa.framework/Versions/A/Cocoa
0x0000000001384000 	/System/Library/Frameworks/Security.framework/Versions/A/Security
0x0000000001384000 	/System/Library/Frameworks/ApplicationServices.framework/Versions/A/ApplicationServices
0x0000000001384000 	/usr/lib/libz.1.dylib
0x0000000001384000 	/usr/lib/libSystem.B.dylib
0x0000000001384000 	/usr/lib/libobjc.A.dylib
0x0000000001384000 	/System/Library/Frameworks/CoreFoundation.framework/Versions/A/CoreFoundation
0x0000000001384000 	/System/Library/Frameworks/Foundation.framework/Versions/C/Foundation
0x0000000001384000 	/System/Library/Frameworks/AppKit.framework/Versions/C/AppKit
0x0000000001384000 	/System/Library/Frameworks/CoreData.framework/Versions/A/CoreData
0x0000000001384000 	/System/Library/PrivateFrameworks/RemoteViewServices.framework/Versions/A/RemoteViewServices
0x0000000001384000 	/System/Library/PrivateFrameworks/UIFoundation.framework/Versions/A/UIFoundation
0x0000000001384000 	/usr/lib/libScreenReader.dylib
0x0000000001384000 	/System/Library/Frameworks/Accelerate.framework/Versions/A/Accelerate
0x0000000001384000 	/System/Library/Frameworks/IOSurface.framework/Versions/A/IOSurface
0x0000000001384000 	/System/Library/Frameworks/AudioToolbox.framework/Versions/A/AudioToolbox
0x0000000001384000 	/System/Library/Frameworks/AudioUnit.framework/Versions/A/AudioUnit
0x0000000001384000 	/System/Library/PrivateFrameworks/DataDetectorsCore.framework/Versions/A/DataDetectorsCore
0x0000000001384000 	/System/Library/PrivateFrameworks/DesktopServicesPriv.framework/Versions/A/DesktopServicesPriv
0x0000000001384000 	/System/Library/Frameworks/Carbon.framework/Versions/A/Frameworks/HIToolbox.framework/Versions/A/HIToolbox
0x0000000001384000 	/System/Library/Frameworks/QuartzCore.framework/Versions/A/QuartzCore
0x0000000001384000 	/System/Library/Frameworks/Carbon.framework/Versions/A/Frameworks/SpeechRecognition.framework/Versions/A/SpeechRecognition
0x0000000001384000 	/usr/lib/libauto.dylib
0x0000000001384000 	/usr/lib/libicucore.A.dylib
0x0000000001384000 	/usr/lib/libxml2.2.dylib
0x0000000001384000 	/System/Library/PrivateFrameworks/CoreUI.framework/Versions/A/CoreUI
0x0000000001384000 	/System/Library/Frameworks/CoreAudio.framework/Versions/A/CoreAudio
0x0000000001384000 	/System/Library/Frameworks/DiskArbitration.framework/Versions/A/DiskArbitration
0x0000000001384000 	/usr/lib/liblangid.dylib
0x0000000001384000 	/System/Library/PrivateFrameworks/MultitouchSupport.framework/Versions/A/MultitouchSupport
0x0000000001384000 	/System/Library/Frameworks/IOKit.framework/Versions/A/IOKit
0x0000000001384000 	/usr/lib/libDiagnosticMessagesClient.dylib
0x0000000001384000 	/System/Library/Frameworks/CoreServices.framework/Versions/A/CoreServices
0x0000000001384000 	/System/Library/PrivateFrameworks/PerformanceAnalysis.framework/Versions/A/PerformanceAnalysis
0x0000000001384000 	/System/Library/PrivateFrameworks/GenerationalStorage.framework/Versions/A/GenerationalStorage
0x0000000001384000 	/System/Library/Frameworks/OpenGL.framework/Versions/A/OpenGL
0x0000000001384000 	/System/Library/PrivateFrameworks/Sharing.framework/Versions/A/Sharing
0x0000000001384000 	/System/Library/Frameworks/CoreGraphics.framework/Versions/A/CoreGraphics
0x0000000001384000 	/System/Library/Frameworks/CoreImage.framework/Versions/A/CoreImage
0x0000000001384000 	/System/Library/Frameworks/CoreText.framework/Versions/A/CoreText
0x0000000001384000 	/System/Library/Frameworks/ImageIO.framework/Versions/A/ImageIO
0x0000000001384000 	/System/Library/PrivateFrameworks/Backup.framework/Versions/A/Backup
0x0000000001384000 	/usr/lib/libextension.dylib
0x0000000001384000 	/usr/lib/libarchive.2.dylib
0x0000000001384000 	/System/Library/Frameworks/CFNetwork.framework/Versions/A/CFNetwork
0x0000000001384000 	/System/Library/Frameworks/SystemConfiguration.framework/Versions/A/SystemConfiguration
0x0000000001384000 	/usr/lib/libCRFSuite.dylib
0x0000000001384000 	/usr/lib/libc++.1.dylib
0x0000000001384000 	/usr/lib/libc++abi.dylib
0x0000000001384000 	/usr/lib/system/libcache.dylib
0x0000000001384000 	/usr/lib/system/libcommonCrypto.dylib
0x0000000001384000 	/usr/lib/system/libcompiler_rt.dylib
0x0000000001384000 	/usr/lib/system/libcopyfile.dylib
0x0000000001384000 	/usr/lib/system/libcorecrypto.dylib
0x0000000001384000 	/usr/lib/system/libdispatch.dylib
0x0000000001384000 	/usr/lib/system/libdyld.dylib
0x0000000001384000 	/usr/lib/system/libkeymgr.dylib
0x0000000001384000 	/usr/lib/system/liblaunch.dylib
0x0000000001384000 	/usr/lib/system/libmacho.dylib
0x0000000001384000 	/usr/lib/system/libquarantine.dylib
0x0000000001384000 	/usr/lib/system/libremovefile.dylib
0x0000000001384000 	/usr/lib/system/libsystem_asl.dylib
0x0000000001384000 	/usr/lib/system/libsystem_blocks.dylib
0x0000000001384000 	/usr/lib/system/libsystem_c.dylib
0x0000000001384000 	/usr/lib/system/libsystem_configuration.dylib
0x0000000001384000 	/usr/lib/system/libsystem_coreservices.dylib
0x0000000001384000 	/usr/lib/system/libsystem_coretls.dylib
0x0000000001384000 	/usr/lib/system/libsystem_dnssd.dylib
0x0000000001384000 	/usr/lib/system/libsystem_info.dylib
0x0000000001384000 	/usr/lib/system/libsystem_kernel.dylib
0x0000000001384000 	/usr/lib/system/libsystem_m.dylib
0x0000000001384000 	/usr/lib/system/libsystem_malloc.dylib
0x0000000001384000 	/usr/lib/system/libsystem_network.dylib
0x0000000001384000 	/usr/lib/system/libsystem_networkextension.dylib
0x0000000001384000 	/usr/lib/system/libsystem_notify.dylib
0x0000000001384000 	/usr/lib/system/libsystem_platform.dylib
0x0000000001384000 	/usr/lib/system/libsystem_pthread.dylib
0x0000000001384000 	/usr/lib/system/libsystem_sandbox.dylib
0x0000000001384000 	/usr/lib/system/libsystem_secinit.dylib
0x0000000001384000 	/usr/lib/system/libsystem_trace.dylib
0x0000000001384000 	/usr/lib/system/libunc.dylib
0x0000000001384000 	/usr/lib/system/libunwind.dylib
0x0000000001384000 	/usr/lib/system/libxpc.dylib
0x0000000001384000 	/usr/lib/libenergytrace.dylib
0x0000000001384000 	/usr/lib/libbsm.0.dylib
0x0000000001384000 	/usr/lib/system/libkxld.dylib
0x0000000001384000 	/usr/lib/libxar.1.dylib
0x0000000001384000 	/usr/lib/libsqlite3.dylib
0x0000000001384000 	/usr/lib/libpam.2.dylib
0x0000000001384000 	/usr/lib/libOpenScriptingUtil.dylib
0x0000000001384000 	/usr/lib/libbz2.1.0.dylib
0x0000000001384000 	/usr/lib/liblzma.5.dylib
0x0000000001384000 	/System/Library/Frameworks/CoreServices.framework/Versions/A/Frameworks/FSEvents.framework/Versions/A/FSEvents
0x0000000001384000 	/System/Library/Frameworks/CoreServices.framework/Versions/A/Frameworks/CarbonCore.framework/Versions/A/CarbonCore
0x0000000001384000 	/System/Library/Frameworks/CoreServices.framework/Versions/A/Frameworks/Metadata.framework/Versions/A/Metadata
0x0000000001384000 	/System/Library/Frameworks/CoreServices.framework/Versions/A/Frameworks/OSServices.framework/Versions/A/OSServices
0x0000000001384000 	/System/Library/Frameworks/CoreServices.framework/Versions/A/Frameworks/SearchKit.framework/Versions/A/SearchKit
0x0000000001384000 	/System/Library/Frameworks/CoreServices.framework/Versions/A/Frameworks/AE.framework/Versions/A/AE
0x0000000001384000 	/System/Library/Frameworks/CoreServices.framework/Versions/A/Frameworks/LaunchServices.framework/Versions/A/LaunchServices
0x0000000001384000 	/System/Library/Frameworks/CoreServices.framework/Versions/A/Frameworks/DictionaryServices.framework/Versions/A/DictionaryServices
0x0000000001384000 	/System/Library/Frameworks/CoreServices.framework/Versions/A/Frameworks/SharedFileList.framework/Versions/A/SharedFileList
0x0000000001384000 	/System/Library/Frameworks/NetFS.framework/Versions/A/NetFS
0x0000000001384000 	/System/Library/PrivateFrameworks/NetAuth.framework/Versions/A/NetAuth
0x0000000001384000 	/System/Library/PrivateFrameworks/login.framework/Versions/A/Frameworks/loginsupport.framework/Versions/A/loginsupport
0x0000000001384000 	/System/Library/PrivateFrameworks/TCC.framework/Versions/A/TCC
0x0000000001384000 	/usr/lib/libmecabra.dylib
0x0000000001384000 	/System/Library/Frameworks/ApplicationServices.framework/Versions/A/Frameworks/ATS.framework/Versions/A/ATS
0x0000000001384000 	/System/Library/Frameworks/ApplicationServices.framework/Versions/A/Frameworks/ColorSync.framework/Versions/A/ColorSync
0x0000000001384000 	/System/Library/Frameworks/ApplicationServices.framework/Versions/A/Frameworks/HIServices.framework/Versions/A/HIServices
0x0000000001384000 	/System/Library/Frameworks/ApplicationServices.framework/Versions/A/Frameworks/LangAnalysis.framework/Versions/A/LangAnalysis
0x0000000001384000 	/System/Library/Frameworks/ApplicationServices.framework/Versions/A/Frameworks/PrintCore.framework/Versions/A/PrintCore
0x0000000001384000 	/System/Library/Frameworks/ApplicationServices.framework/Versions/A/Frameworks/QD.framework/Versions/A/QD
0x0000000001384000 	/System/Library/Frameworks/ApplicationServices.framework/Versions/A/Frameworks/SpeechSynthesis.framework/Versions/A/SpeechSynthesis
0x0000000001384000 	/System/Library/Frameworks/Metal.framework/Versions/A/Metal
0x0000000001384000 	/System/Library/Frameworks/Accelerate.framework/Versions/A/Frameworks/vImage.framework/Versions/A/vImage
0x0000000001384000 	/System/Library/Frameworks/Accelerate.framework/Versions/A/Frameworks/vecLib.framework/Versions/A/vecLib
0x0000000001384000 	/System/Library/Frameworks/Accelerate.framework/Versions/A/Frameworks/vecLib.framework/Versions/A/libvDSP.dylib
0x0000000001384000 	/System/Library/Frameworks/Accelerate.framework/Versions/A/Frameworks/vecLib.framework/Versions/A/libvMisc.dylib
0x0000000001384000 	/System/Library/Frameworks/Accelerate.framework/Versions/A/Frameworks/vecLib.framework/Versions/A/libLAPACK.dylib
0x0000000001384000 	/System/Library/Frameworks/Accelerate.framework/Versions/A/Frameworks/vecLib.framework/Versions/A/libBLAS.dylib
0x0000000001384000 	/System/Library/Frameworks/Accelerate.framework/Versions/A/Frameworks/vecLib.framework/Versions/A/libLinearAlgebra.dylib
0x0000000001384000 	/System/Library/Frameworks/Accelerate.framework/Versions/A/Frameworks/vecLib.framework/Versions/A/libSparseBLAS.dylib
0x0000000001384000 	/System/Library/PrivateFrameworks/GPUCompiler.framework/libmetal_timestamp.dylib
0x0000000001384000 	/System/Library/Frameworks/OpenGL.framework/Versions/A/Libraries/libCoreFSCache.dylib
0x0000000001384000 	/System/Library/PrivateFrameworks/IOAccelerator.framework/Versions/A/IOAccelerator
0x0000000001384000 	/System/Library/Frameworks/ApplicationServices.framework/Versions/A/Frameworks/ATS.framework/Versions/A/Resources/libFontParser.dylib
0x0000000001384000 	/System/Library/Frameworks/ApplicationServices.framework/Versions/A/Frameworks/ATS.framework/Versions/A/Resources/libFontRegistry.dylib
0x0000000001384000 	/System/Library/PrivateFrameworks/AppleVPA.framework/Versions/A/AppleVPA
0x0000000001384000 	/System/Library/PrivateFrameworks/AppleJPEG.framework/Versions/A/AppleJPEG
0x0000000001384000 	/System/Library/Frameworks/ImageIO.framework/Versions/A/Resources/libJPEG.dylib
0x0000000001384000 	/System/Library/Frameworks/ImageIO.framework/Versions/A/Resources/libTIFF.dylib
0x0000000001384000 	/System/Library/Frameworks/ImageIO.framework/Versions/A/Resources/libPng.dylib
0x0000000001384000 	/System/Library/Frameworks/ImageIO.framework/Versions/A/Resources/libGIF.dylib
0x0000000001384000 	/System/Library/Frameworks/ImageIO.framework/Versions/A/Resources/libJP2.dylib
0x0000000001384000 	/System/Library/Frameworks/ImageIO.framework/Versions/A/Resources/libRadiance.dylib
0x0000000001384000 	/System/Library/Frameworks/CoreVideo.framework/Versions/A/CoreVideo
0x0000000001384000 	/System/Library/Frameworks/OpenGL.framework/Versions/A/Libraries/libGLU.dylib
0x0000000001384000 	/System/Library/Frameworks/OpenGL.framework/Versions/A/Libraries/libGFXShared.dylib
0x0000000001384000 	/System/Library/Frameworks/OpenGL.framework/Versions/A/Libraries/libGL.dylib
0x0000000001384000 	/System/Library/Frameworks/OpenGL.framework/Versions/A/Libraries/libGLImage.dylib
0x0000000001384000 	/System/Library/Frameworks/OpenGL.framework/Versions/A/Libraries/libCVMSPluginSupport.dylib
0x0000000001384000 	/System/Library/Frameworks/OpenGL.framework/Versions/A/Libraries/libCoreVMClient.dylib
0x0000000001384000 	/usr/lib/libcups.2.dylib
0x0000000001384000 	/System/Library/Frameworks/Kerberos.framework/Versions/A/Kerberos
0x0000000001384000 	/System/Library/Frameworks/GSS.framework/Versions/A/GSS
0x0000000001384000 	/usr/lib/libresolv.9.dylib
0x0000000001384000 	/usr/lib/libiconv.2.dylib
0x0000000001384000 	/System/Library/PrivateFrameworks/Heimdal.framework/Versions/A/Heimdal
0x0000000001384000 	/usr/lib/libheimdal-asn1.dylib
0x0000000001384000 	/System/Library/Frameworks/OpenDirectory.framework/Versions/A/OpenDirectory
0x0000000001384000 	/System/Library/PrivateFrameworks/CommonAuth.framework/Versions/A/CommonAuth
0x0000000001384000 	/System/Library/Frameworks/OpenDirectory.framework/Versions/A/Frameworks/CFOpenDirectory.framework/Versions/A/CFOpenDirectory
0x0000000001384000 	/System/Library/Frameworks/SecurityFoundation.framework/Versions/A/SecurityFoundation
0x0000000001384000 	/System/Library/PrivateFrameworks/LanguageModeling.framework/Versions/A/LanguageModeling
0x0000000001384000 	/usr/lib/libmarisa.dylib
0x0000000001384000 	/usr/lib/libChineseTokenizer.dylib
0x0000000001384000 	/usr/lib/libcmph.dylib
0x0000000001384000 	/usr/lib/libcompression.dylib
0x0000000001384000 	/System/Library/Frameworks/ServiceManagement.framework/Versions/A/ServiceManagement
0x0000000001384000 	/usr/lib/libxslt.1.dylib
0x0000000001384000 	/System/Library/Frameworks/Carbon.framework/Versions/A/Frameworks/Ink.framework/Versions/A/Ink
0x0000000001384000 	/usr/lib/libFosl_dynamic.dylib
0x0000000001384000 	/System/Library/PrivateFrameworks/FaceCore.framework/Versions/A/FaceCore
0x0000000001384000 	/System/Library/Frameworks/OpenCL.framework/Versions/A/OpenCL
0x0000000001384000 	/System/Library/PrivateFrameworks/CrashReporterSupport.framework/Versions/A/CrashReporterSupport
0x0000000001384000 	/System/Library/PrivateFrameworks/IconServices.framework/Versions/A/IconServices
0x0000000001384000 	/System/Library/PrivateFrameworks/Apple80211.framework/Versions/A/Apple80211
0x0000000001384000 	/System/Library/Frameworks/CoreWLAN.framework/Versions/A/CoreWLAN
0x0000000001384000 	/System/Library/Frameworks/IOBluetooth.framework/Versions/A/IOBluetooth
0x0000000001384000 	/System/Library/PrivateFrameworks/CoreWiFi.framework/Versions/A/CoreWiFi
0x0000000001384000 	/System/Library/Frameworks/CoreBluetooth.framework/Versions/A/CoreBluetooth
0x0000000001384000 	/System/Library/PrivateFrameworks/ChunkingLibrary.framework/Versions/A/ChunkingLibrary
0x0000000001384000 	/System/Library/PrivateFrameworks/DebugSymbols.framework/Versions/A/DebugSymbols
0x0000000001384000 	/System/Library/PrivateFrameworks/CoreSymbolication.framework/Versions/A/CoreSymbolication
0x0000000001384000 	/System/Library/PrivateFrameworks/Symbolication.framework/Versions/A/Symbolication
0x0000000001384000 	/System/Library/PrivateFrameworks/SpeechRecognitionCore.framework/Versions/A/SpeechRecognitionCore
0x000000010ba00000 	/Library/Java/JavaVirtualMachines/jdk1.8.0_74.jdk/Contents/Home/jre/lib/server/libjvm.dylib
0x0000000001384000 	/usr/lib/libstdc++.6.dylib
0x000000010a974000 	/Library/Java/JavaVirtualMachines/jdk1.8.0_74.jdk/Contents/Home/jre/lib/libverify.dylib
0x000000010a982000 	/Library/Java/JavaVirtualMachines/jdk1.8.0_74.jdk/Contents/Home/jre/lib/libjava.dylib
0x000000010a9c1000 	/Library/Java/JavaVirtualMachines/jdk1.8.0_74.jdk/Contents/Home/jre/lib/libzip.dylib
0x0000000127a1c000 	/System/Library/Frameworks/JavaVM.framework/Frameworks/JavaRuntimeSupport.framework/JavaRuntimeSupport
0x0000000127a37000 	/System/Library/Frameworks/JavaVM.framework/Versions/A/Frameworks/JavaNativeFoundation.framework/Versions/A/JavaNativeFoundation
0x000000010a9f3000 	/System/Library/Frameworks/JavaVM.framework/Versions/A/JavaVM
0x0000000001384000 	/System/Library/Frameworks/Carbon.framework/Versions/A/Carbon
0x0000000127a4c000 	/System/Library/PrivateFrameworks/JavaLaunching.framework/Versions/A/JavaLaunching
0x0000000001384000 	/System/Library/Frameworks/Carbon.framework/Versions/A/Frameworks/CommonPanels.framework/Versions/A/CommonPanels
0x0000000001384000 	/System/Library/Frameworks/Carbon.framework/Versions/A/Frameworks/Help.framework/Versions/A/Help
0x0000000001384000 	/System/Library/Frameworks/Carbon.framework/Versions/A/Frameworks/ImageCapture.framework/Versions/A/ImageCapture
0x0000000001384000 	/System/Library/Frameworks/Carbon.framework/Versions/A/Frameworks/OpenScripting.framework/Versions/A/OpenScripting
0x0000000001384000 	/System/Library/Frameworks/Carbon.framework/Versions/A/Frameworks/Print.framework/Versions/A/Print
0x0000000001384000 	/System/Library/Frameworks/Carbon.framework/Versions/A/Frameworks/SecurityHI.framework/Versions/A/SecurityHI
0x000000012939a000 	/Library/Java/JavaVirtualMachines/jdk1.8.0_74.jdk/Contents/Home/jre/lib/libawt.dylib
0x0000000129442000 	/Library/Java/JavaVirtualMachines/jdk1.8.0_74.jdk/Contents/Home/jre/lib/./libmlib_image.dylib
0x000000012950e000 	/Library/Java/JavaVirtualMachines/jdk1.8.0_74.jdk/Contents/Home/jre/lib/libawt_lwawt.dylib
0x00000001295c3000 	/Library/Java/JavaVirtualMachines/jdk1.8.0_74.jdk/Contents/Home/jre/lib/./libosxapp.dylib
0x0000000001384000 	/System/Library/Frameworks/ExceptionHandling.framework/Versions/A/ExceptionHandling
0x0000000001384000 	/System/Library/PrivateFrameworks/CoreServicesInternal.framework/Versions/A/CoreServicesInternal
0x0000000001384000 	/System/Library/Frameworks/CoreGraphics.framework/Versions/A/Resources/libRIP.A.dylib
0x0000000001384000 	/System/Library/Frameworks/Accelerate.framework/Versions/A/Frameworks/vImage.framework/Versions/A/Libraries/libCGInterfaces.dylib
0x0000000001384000 	/System/Library/Frameworks/CoreGraphics.framework/Versions/A/Resources/libCGXType.A.dylib
0x0000000001384000 	/System/Library/Frameworks/OpenCL.framework/Versions/A/Libraries/libcldcpuengine.dylib
0x0000000001384000 	/System/Library/PrivateFrameworks/DiskImages.framework/Versions/A/DiskImages
0x0000000001384000 	/System/Library/Frameworks/DiscRecording.framework/Versions/A/DiscRecording
0x0000000001384000 	/usr/lib/libcsfde.dylib
0x0000000001384000 	/usr/lib/libcurl.4.dylib
0x0000000001384000 	/System/Library/PrivateFrameworks/MediaKit.framework/Versions/A/MediaKit
0x0000000001384000 	/System/Library/PrivateFrameworks/ProtectedCloudStorage.framework/Versions/A/ProtectedCloudStorage
0x0000000001384000 	/usr/lib/libCoreStorage.dylib
0x0000000001384000 	/System/Library/PrivateFrameworks/EFILogin.framework/Versions/A/EFILogin
0x0000000001384000 	/usr/lib/libutil.dylib
0x0000000001384000 	/System/Library/PrivateFrameworks/FindMyDevice.framework/Versions/A/FindMyDevice
0x0000000001384000 	/System/Library/Frameworks/LDAP.framework/Versions/A/LDAP
0x0000000001384000 	/usr/lib/libsasl2.2.dylib
0x0000000001384000 	/System/Library/PrivateFrameworks/CoreDaemon.framework/Versions/B/CoreDaemon
0x0000000001384000 	/usr/lib/libcrypto.0.9.8.dylib
0x0000000001384000 	/System/Library/PrivateFrameworks/AppleSRP.framework/Versions/A/AppleSRP
0x0000000001384000 	/System/Library/PrivateFrameworks/TrustEvaluationAgent.framework/Versions/A/TrustEvaluationAgent
0x000000012b3d8000 	cl_kernels
0x0000000001384000 	/System/Library/Frameworks/OpenCL.framework/Versions/A/Libraries/ImageFormats/unorm8_bgra.dylib
0x0000000001384000 	/System/Library/Frameworks/OpenCL.framework/Versions/A/Libraries/ImageFormats/unorm8_rgba.dylib
0x0000000001384000 	/System/Library/PrivateFrameworks/FamilyControls.framework/Versions/A/FamilyControls
0x0000000001384000 	/System/Library/PrivateFrameworks/CommerceKit.framework/Versions/A/Frameworks/CommerceCore.framework/Versions/A/CommerceCore
0x0000000001384000 	/System/Library/PrivateFrameworks/SystemAdministration.framework/Versions/A/SystemAdministration
0x0000000001384000 	/System/Library/PrivateFrameworks/AppContainer.framework/Versions/A/AppContainer
0x0000000001384000 	/System/Library/PrivateFrameworks/SecCodeWrapper.framework/Versions/A/SecCodeWrapper
0x0000000001384000 	/System/Library/Frameworks/DirectoryService.framework/Versions/A/DirectoryService
0x0000000001384000 	/System/Library/PrivateFrameworks/LoginUIKit.framework/Versions/A/Frameworks/LoginUICore.framework/Versions/A/LoginUICore
0x0000000001384000 	/usr/lib/libodfde.dylib
0x0000000001384000 	/System/Library/Frameworks/OpenGL.framework/Versions/A/Resources/GLEngine.bundle/GLEngine
0x0000000001384000 	/System/Library/Frameworks/OpenGL.framework/Versions/A/Libraries/libGLProgrammability.dylib
0x000000012c521000 	/System/Library/Extensions/AppleIntelHD5000GraphicsGLDriver.bundle/Contents/MacOS/AppleIntelHD5000GraphicsGLDriver
0x0000000001384000 	/System/Library/PrivateFrameworks/GPUSupport.framework/Versions/A/Libraries/libGPUSupportMercury.dylib
0x0000000001384000 	/System/Library/Extensions/GeForceGLDriver.bundle/Contents/MacOS/GeForceGLDriver
0x0000000001384000 	/System/Library/Extensions/GeForceGLDriver.bundle/Contents/MacOS/libclh.dylib
0x0000000001384000 	/System/Library/Frameworks/OpenGL.framework/Versions/A/Resources/GLRendererFloat.bundle/GLRendererFloat
0x000000012db73000 	/Library/Java/JavaVirtualMachines/jdk1.8.0_74.jdk/Contents/Home/jre/lib/libfontmanager.dylib
0x000000012dbda000 	/Library/Java/JavaVirtualMachines/jdk1.8.0_74.jdk/Contents/Home/jre/lib/libosxui.dylib
0x00000001317d2000 	/System/Library/Extensions/GeForceMTLDriver.bundle/Contents/MacOS/GeForceMTLDriver
0x00000001318f2000 	/System/Library/Extensions/AppleIntelHD5000GraphicsMTLDriver.bundle/Contents/MacOS/AppleIntelHD5000GraphicsMTLDriver
0x00000001327f0000 	/Library/Java/JavaVirtualMachines/jdk1.8.0_74.jdk/Contents/Home/jre/lib/libnet.dylib
0x00000001327a1000 	/Library/Java/JavaVirtualMachines/jdk1.8.0_74.jdk/Contents/Home/jre/lib/libnio.dylib
0x0000000001384000 	/System/Library/Frameworks/ApplicationServices.framework/Versions/A/Frameworks/ATS.framework/Versions/A/Resources/libTrueTypeScaler.dylib

VM Arguments:
jvm_args: -Dfile.encoding=UTF-8 
java_command: application.PlayerLauncher
java_class_path (initial): /Users/tuckerhaydon/git/Kabasuji/bin:/Users/tuckerhaydon/.p2/pool/plugins/org.junit_4.12.0.v201504281640/junit.jar:/Users/tuckerhaydon/.p2/pool/plugins/org.hamcrest.core_1.3.0.v201303031735.jar
Launcher Type: SUN_STANDARD

Environment Variables:
PATH=/usr/bin:/bin:/usr/sbin:/sbin
SHELL=/bin/bash
DISPLAY=/private/tmp/com.apple.launchd.uF9BEP7Kpc/org.macosforge.xquartz:0

Signal Handlers:
SIGSEGV: [libjvm.dylib+0x5a6855], sa_mask[0]=11111111011111110111111111111111, sa_flags=SA_ONSTACK|SA_RESTART|SA_SIGINFO
SIGBUS: [libjvm.dylib+0x5a6855], sa_mask[0]=11111111011111110111111111111111, sa_flags=SA_RESTART|SA_SIGINFO
SIGFPE: [libjvm.dylib+0x4804ec], sa_mask[0]=11111111011111110111111111111111, sa_flags=SA_RESTART|SA_SIGINFO
SIGPIPE: [libjvm.dylib+0x4804ec], sa_mask[0]=11111111011111110111111111111111, sa_flags=SA_RESTART|SA_SIGINFO
SIGXFSZ: [libjvm.dylib+0x4804ec], sa_mask[0]=11111111011111110111111111111111, sa_flags=SA_RESTART|SA_SIGINFO
SIGILL: [libjvm.dylib+0x4804ec], sa_mask[0]=11111111011111110111111111111111, sa_flags=SA_RESTART|SA_SIGINFO
SIGUSR1: SIG_DFL, sa_mask[0]=00000000000000000000000000000000, sa_flags=none
SIGUSR2: [libjvm.dylib+0x48000a], sa_mask[0]=00100000000000000000000000000000, sa_flags=SA_RESTART|SA_SIGINFO
SIGHUP: [libjvm.dylib+0x47e5e1], sa_mask[0]=11111111011111110111111111111111, sa_flags=SA_RESTART|SA_SIGINFO
SIGINT: [libjvm.dylib+0x47e5e1], sa_mask[0]=11111111011111110111111111111111, sa_flags=SA_RESTART|SA_SIGINFO
SIGTERM: [libjvm.dylib+0x47e5e1], sa_mask[0]=11111111011111110111111111111111, sa_flags=SA_RESTART|SA_SIGINFO
SIGQUIT: [libjvm.dylib+0x47e5e1], sa_mask[0]=11111111011111110111111111111111, sa_flags=SA_RESTART|SA_SIGINFO


---------------  S Y S T E M  ---------------

OS:Bsduname:Darwin 15.4.0 Darwin Kernel Version 15.4.0: Fri Feb 26 22:08:05 PST 2016; root:xnu-3248.40.184~3/RELEASE_X86_64 x86_64
rlimit: STACK 8192k, CORE 0k, NPROC 709, NOFILE 10240, AS infinity
load average:1.53 1.69 1.73

CPU:total 8 (4 cores per cpu, 2 threads per core) family 6 model 70 stepping 1, cmov, cx8, fxsr, mmx, sse, sse2, sse3, ssse3, sse4.1, sse4.2, popcnt, avx, avx2, aes, clmul, erms, rtm, lzcnt, ht, tsc, tscinvbit, bmi1, bmi2

Memory: 4k page, physical 16777216k(2255876k free)

/proc/meminfo:


vm_info: Java HotSpot(TM) 64-Bit Server VM (25.74-b02) for bsd-amd64 JRE (1.8.0_74-b02), built on Jan 29 2016 15:32:34 by "java_re" with gcc 4.2.1 (Based on Apple Inc. build 5658) (LLVM build 2336.11.00)

time: Fri Apr 22 22:58:05 2016
elapsed time: 2 seconds (0d 0h 0m 2s)

